<?xml version="1.0" encoding="UTF-8"?>
<!-- Generated by org.testng.reporters.JUnitXMLReporter -->
<testsuite ignored="0" hostname="A_Karajeh" failures="0" tests="6" name="Default test" time="10.976" errors="0" timestamp="2024-03-16T23:27:39 EET">
  <testcase classname="AlmosaferWebSite.MyTestCses" name="CheckTheDefultLanaguage" time="0.151"/>
  <testcase classname="AlmosaferWebSite.MyTestCses" name="CheckTheDefultCurrencyIsSAR" time="1.064"/>
  <testcase classname="AlmosaferWebSite.MyTestCses" name="CheckContactNumber" time="0.225"/>
  <testcase classname="AlmosaferWebSite.MyTestCses" name="QitafLogo" time="0.56"/>
  <testcase classname="AlmosaferWebSite.MyTestCses" name="CheckTheHotelTabIsNotSelected" time="0.422"/>
  <testcase classname="AlmosaferWebSite.MyTestCses" name="RandomMethodToChangeLanguage" time="1.577"/>
</testsuite> <!-- Default test -->
