<?xml version="1.0" encoding="UTF-8"?>
<testng-results ignored="0" total="6" passed="6" failed="0" skipped="0">
  <reporter-output>
  </reporter-output>
  <suite started-at="2024-03-16T23:27:28 EET" name="Default suite" finished-at="2024-03-16T23:27:39 EET" duration-ms="10976">
    <groups>
    </groups>
    <test started-at="2024-03-16T23:27:28 EET" name="Default test" finished-at="2024-03-16T23:27:39 EET" duration-ms="10976">
      <class name="AlmosaferWebSite.MyTestCses">
        <test-method is-config="true" signature="MySetup()[pri:0, instance:AlmosaferWebSite.MyTestCses@23bff419]" started-at="2024-03-16T23:27:28 EET" name="MySetup" finished-at="2024-03-16T23:27:35 EET" duration-ms="6942" status="PASS">
          <reporter-output>
          </reporter-output>
        </test-method> <!-- MySetup -->
        <test-method signature="CheckTheDefultLanaguage()[pri:1, instance:AlmosaferWebSite.MyTestCses@23bff419]" started-at="2024-03-16T23:27:35 EET" name="CheckTheDefultLanaguage" finished-at="2024-03-16T23:27:35 EET" duration-ms="151" status="PASS">
          <reporter-output>
          </reporter-output>
        </test-method> <!-- CheckTheDefultLanaguage -->
        <test-method signature="CheckTheDefultCurrencyIsSAR()[pri:2, instance:AlmosaferWebSite.MyTestCses@23bff419]" started-at="2024-03-16T23:27:35 EET" name="CheckTheDefultCurrencyIsSAR" finished-at="2024-03-16T23:27:36 EET" duration-ms="1064" status="PASS">
          <reporter-output>
          </reporter-output>
        </test-method> <!-- CheckTheDefultCurrencyIsSAR -->
        <test-method signature="CheckContactNumber()[pri:3, instance:AlmosaferWebSite.MyTestCses@23bff419]" started-at="2024-03-16T23:27:36 EET" name="CheckContactNumber" finished-at="2024-03-16T23:27:36 EET" duration-ms="225" status="PASS">
          <reporter-output>
          </reporter-output>
        </test-method> <!-- CheckContactNumber -->
        <test-method signature="QitafLogo()[pri:4, instance:AlmosaferWebSite.MyTestCses@23bff419]" started-at="2024-03-16T23:27:36 EET" name="QitafLogo" finished-at="2024-03-16T23:27:37 EET" duration-ms="560" status="PASS">
          <reporter-output>
          </reporter-output>
        </test-method> <!-- QitafLogo -->
        <test-method signature="CheckTheHotelTabIsNotSelected()[pri:5, instance:AlmosaferWebSite.MyTestCses@23bff419]" started-at="2024-03-16T23:27:37 EET" name="CheckTheHotelTabIsNotSelected" finished-at="2024-03-16T23:27:37 EET" duration-ms="422" status="PASS">
          <reporter-output>
          </reporter-output>
        </test-method> <!-- CheckTheHotelTabIsNotSelected -->
        <test-method signature="RandomMethodToChangeLanguage()[pri:7, instance:AlmosaferWebSite.MyTestCses@23bff419]" started-at="2024-03-16T23:27:37 EET" name="RandomMethodToChangeLanguage" finished-at="2024-03-16T23:27:39 EET" duration-ms="1577" status="PASS">
          <reporter-output>
          </reporter-output>
        </test-method> <!-- RandomMethodToChangeLanguage -->
        <test-method is-config="true" signature="ssss()[pri:0, instance:AlmosaferWebSite.MyTestCses@23bff419]" started-at="2024-03-16T23:27:39 EET" name="ssss" finished-at="2024-03-16T23:27:39 EET" duration-ms="1" status="PASS">
          <reporter-output>
          </reporter-output>
        </test-method> <!-- ssss -->
      </class> <!-- AlmosaferWebSite.MyTestCses -->
    </test> <!-- Default test -->
  </suite> <!-- Default suite -->
</testng-results>
